[2025-03-17T02:07:25.750+0000] {local_task_job_runner.py:123} INFO - ::group::Pre task execution logs
[2025-03-17T02:07:25.789+0000] {taskinstance.py:2614} INFO - Dependencies all met for dep_context=non-requeueable deps ti=<TaskInstance: data_ingestion_minio_dag.ingest_data_task manual__2025-03-17T02:07:20.153128+00:00 [queued]>
[2025-03-17T02:07:25.810+0000] {taskinstance.py:2614} INFO - Dependencies all met for dep_context=requeueable deps ti=<TaskInstance: data_ingestion_minio_dag.ingest_data_task manual__2025-03-17T02:07:20.153128+00:00 [queued]>
[2025-03-17T02:07:25.812+0000] {taskinstance.py:2867} INFO - Starting attempt 1 of 1
[2025-03-17T02:07:25.835+0000] {taskinstance.py:2890} INFO - Executing <Task(PythonOperator): ingest_data_task> on 2025-03-17 02:07:20.153128+00:00
[2025-03-17T02:07:25.846+0000] {standard_task_runner.py:104} INFO - Running: ['***', 'tasks', 'run', 'data_ingestion_minio_dag', 'ingest_data_task', 'manual__2025-03-17T02:07:20.153128+00:00', '--job-id', '6', '--raw', '--subdir', 'DAGS_FOLDER/ingestion_dag.py', '--cfg-path', '/tmp/tmp67edfslo']
[2025-03-17T02:07:25.850+0000] {standard_task_runner.py:105} INFO - Job 6: Subtask ingest_data_task
[2025-03-17T02:07:25.852+0000] {logging_mixin.py:190} WARNING - /home/***/.local/lib/python3.12/site-packages/***/task/task_runner/standard_task_runner.py:70 DeprecationWarning: This process (pid=306) is multi-threaded, use of fork() may lead to deadlocks in the child.
[2025-03-17T02:07:25.854+0000] {standard_task_runner.py:72} INFO - Started process 307 to run task
[2025-03-17T02:07:25.924+0000] {task_command.py:467} INFO - Running <TaskInstance: data_ingestion_minio_dag.ingest_data_task manual__2025-03-17T02:07:20.153128+00:00 [running]> on host d6608b866a00
[2025-03-17T02:07:26.045+0000] {taskinstance.py:3134} INFO - Exporting env vars: AIRFLOW_CTX_DAG_OWNER='***' AIRFLOW_CTX_DAG_ID='data_ingestion_minio_dag' AIRFLOW_CTX_TASK_ID='ingest_data_task' AIRFLOW_CTX_EXECUTION_DATE='2025-03-17T02:07:20.153128+00:00' AIRFLOW_CTX_TRY_NUMBER='1' AIRFLOW_CTX_DAG_RUN_ID='manual__2025-03-17T02:07:20.153128+00:00'
[2025-03-17T02:07:26.047+0000] {taskinstance.py:732} INFO - ::endgroup::
[2025-03-17T02:07:26.270+0000] {logging_mixin.py:190} INFO - Bucket creado: rawdata-20250317
[2025-03-17T02:07:33.708+0000] {logging_mixin.py:190} INFO - Archivo descargado en memoria: PurchasesFINAL12312016csv.zip
[2025-03-17T02:07:37.151+0000] {logging_mixin.py:190} INFO - Archivo subido a MinIO: PurchasesFINAL12312016csv.zip
[2025-03-17T02:07:37.596+0000] {logging_mixin.py:190} INFO - Archivo descargado en memoria: BegInvFINAL12312016csv.zip
[2025-03-17T02:07:37.888+0000] {logging_mixin.py:190} INFO - Archivo subido a MinIO: BegInvFINAL12312016csv.zip
[2025-03-17T02:07:38.040+0000] {logging_mixin.py:190} INFO - Archivo descargado en memoria: 2017PurchasePricesDeccsv.zip
[2025-03-17T02:07:38.512+0000] {logging_mixin.py:190} INFO - Archivo subido a MinIO: 2017PurchasePricesDeccsv.zip
[2025-03-17T02:07:38.628+0000] {logging_mixin.py:190} INFO - Archivo descargado en memoria: VendorInvoices12312016csv.zip
[2025-03-17T02:07:38.868+0000] {logging_mixin.py:190} INFO - Archivo subido a MinIO: VendorInvoices12312016csv.zip
[2025-03-17T02:07:39.846+0000] {logging_mixin.py:190} INFO - Archivo descargado en memoria: EndInvFINAL12312016csv.zip
[2025-03-17T02:07:40.257+0000] {logging_mixin.py:190} INFO - Archivo subido a MinIO: EndInvFINAL12312016csv.zip
[2025-03-17T02:08:02.389+0000] {logging_mixin.py:190} INFO - Archivo descargado en memoria: SalesFINAL12312016csv.zip
[2025-03-17T02:08:18.277+0000] {logging_mixin.py:190} INFO - Archivo subido a MinIO: SalesFINAL12312016csv.zip
[2025-03-17T02:08:18.289+0000] {python.py:240} INFO - Done. Returned value was: None
[2025-03-17T02:08:18.310+0000] {taskinstance.py:341} INFO - ::group::Post task execution logs
[2025-03-17T02:08:18.311+0000] {taskinstance.py:353} INFO - Marking task as SUCCESS. dag_id=data_ingestion_minio_dag, task_id=ingest_data_task, run_id=manual__2025-03-17T02:07:20.153128+00:00, execution_date=20250317T020720, start_date=20250317T020725, end_date=20250317T020818
[2025-03-17T02:08:18.495+0000] {local_task_job_runner.py:266} INFO - Task exited with return code 0
[2025-03-17T02:08:18.525+0000] {taskinstance.py:3901} INFO - 0 downstream tasks scheduled from follow-on schedule check
[2025-03-17T02:08:18.550+0000] {local_task_job_runner.py:245} INFO - ::endgroup::
