[2025-03-17T01:39:35.842+0000] {local_task_job_runner.py:123} INFO - ::group::Pre task execution logs
[2025-03-17T01:39:35.875+0000] {taskinstance.py:2614} INFO - Dependencies all met for dep_context=non-requeueable deps ti=<TaskInstance: data_ingestion_minio_dag.ingest_data_task manual__2025-03-17T01:39:31.453450+00:00 [queued]>
[2025-03-17T01:39:35.888+0000] {taskinstance.py:2614} INFO - Dependencies all met for dep_context=requeueable deps ti=<TaskInstance: data_ingestion_minio_dag.ingest_data_task manual__2025-03-17T01:39:31.453450+00:00 [queued]>
[2025-03-17T01:39:35.891+0000] {taskinstance.py:2867} INFO - Starting attempt 1 of 1
[2025-03-17T01:39:35.912+0000] {taskinstance.py:2890} INFO - Executing <Task(PythonOperator): ingest_data_task> on 2025-03-17 01:39:31.453450+00:00
[2025-03-17T01:39:35.921+0000] {standard_task_runner.py:104} INFO - Running: ['***', 'tasks', 'run', 'data_ingestion_minio_dag', 'ingest_data_task', 'manual__2025-03-17T01:39:31.453450+00:00', '--job-id', '24', '--raw', '--subdir', 'DAGS_FOLDER/ingestion_dag.py', '--cfg-path', '/tmp/tmpuk1zjm0q']
[2025-03-17T01:39:35.924+0000] {standard_task_runner.py:105} INFO - Job 24: Subtask ingest_data_task
[2025-03-17T01:39:35.925+0000] {logging_mixin.py:190} WARNING - /home/***/.local/lib/python3.12/site-packages/***/task/task_runner/standard_task_runner.py:70 DeprecationWarning: This process (pid=441) is multi-threaded, use of fork() may lead to deadlocks in the child.
[2025-03-17T01:39:35.927+0000] {standard_task_runner.py:72} INFO - Started process 442 to run task
[2025-03-17T01:39:35.996+0000] {task_command.py:467} INFO - Running <TaskInstance: data_ingestion_minio_dag.ingest_data_task manual__2025-03-17T01:39:31.453450+00:00 [running]> on host 643acaa02cac
[2025-03-17T01:39:36.128+0000] {taskinstance.py:3134} INFO - Exporting env vars: AIRFLOW_CTX_DAG_OWNER='***' AIRFLOW_CTX_DAG_ID='data_ingestion_minio_dag' AIRFLOW_CTX_TASK_ID='ingest_data_task' AIRFLOW_CTX_EXECUTION_DATE='2025-03-17T01:39:31.453450+00:00' AIRFLOW_CTX_TRY_NUMBER='1' AIRFLOW_CTX_DAG_RUN_ID='manual__2025-03-17T01:39:31.453450+00:00'
[2025-03-17T01:39:36.129+0000] {taskinstance.py:732} INFO - ::endgroup::
[2025-03-17T01:39:36.295+0000] {logging_mixin.py:190} INFO - Bucket creado: rawdata-20250317
[2025-03-17T01:39:39.714+0000] {logging_mixin.py:190} INFO - Archivo descargado en memoria: PurchasesFINAL12312016csv.zip
[2025-03-17T01:39:41.611+0000] {logging_mixin.py:190} INFO - Archivo subido a MinIO: PurchasesFINAL12312016csv.zip
[2025-03-17T01:39:42.067+0000] {logging_mixin.py:190} INFO - Archivo descargado en memoria: BegInvFINAL12312016csv.zip
[2025-03-17T01:39:42.148+0000] {logging_mixin.py:190} INFO - Archivo subido a MinIO: BegInvFINAL12312016csv.zip
[2025-03-17T01:39:42.278+0000] {logging_mixin.py:190} INFO - Archivo descargado en memoria: 2017PurchasePricesDeccsv.zip
[2025-03-17T01:39:42.335+0000] {logging_mixin.py:190} INFO - Archivo subido a MinIO: 2017PurchasePricesDeccsv.zip
[2025-03-17T01:39:42.478+0000] {logging_mixin.py:190} INFO - Archivo descargado en memoria: VendorInvoices12312016csv.zip
[2025-03-17T01:39:42.520+0000] {logging_mixin.py:190} INFO - Archivo subido a MinIO: VendorInvoices12312016csv.zip
[2025-03-17T01:39:43.011+0000] {logging_mixin.py:190} INFO - Archivo descargado en memoria: EndInvFINAL12312016csv.zip
[2025-03-17T01:39:43.329+0000] {logging_mixin.py:190} INFO - Archivo subido a MinIO: EndInvFINAL12312016csv.zip
[2025-03-17T01:39:54.983+0000] {logging_mixin.py:190} INFO - Archivo descargado en memoria: SalesFINAL12312016csv.zip
[2025-03-17T01:40:03.694+0000] {logging_mixin.py:190} INFO - Archivo subido a MinIO: SalesFINAL12312016csv.zip
[2025-03-17T01:40:03.702+0000] {python.py:240} INFO - Done. Returned value was: None
[2025-03-17T01:40:03.719+0000] {taskinstance.py:341} INFO - ::group::Post task execution logs
[2025-03-17T01:40:03.720+0000] {taskinstance.py:353} INFO - Marking task as SUCCESS. dag_id=data_ingestion_minio_dag, task_id=ingest_data_task, run_id=manual__2025-03-17T01:39:31.453450+00:00, execution_date=20250317T013931, start_date=20250317T013935, end_date=20250317T014003
[2025-03-17T01:40:03.789+0000] {local_task_job_runner.py:266} INFO - Task exited with return code 0
[2025-03-17T01:40:03.813+0000] {taskinstance.py:3901} INFO - 0 downstream tasks scheduled from follow-on schedule check
[2025-03-17T01:40:03.817+0000] {local_task_job_runner.py:245} INFO - ::endgroup::
